<?xml version="1.0" encoding="UTF-8"?>
<!-- Generated by org.testng.reporters.JUnitXMLReporter -->
<testsuite ignored="0" hostname="Keerthana" failures="0" tests="3" name="Default test" time="3.001" errors="0" timestamp="2025-08-22T19:15:01 IST">
  <testcase classname="apipack.DynamicJson" name="addBook" time="2.247"/>
  <testcase classname="apipack.DynamicJson" name="addBook" time="0.353"/>
  <testcase classname="apipack.DynamicJson" name="addBook" time="0.359"/>
</testsuite> <!-- Default test -->
