<?xml version="1.0" encoding="UTF-8"?>
<testng-results ignored="0" total="3" passed="3" failed="0" skipped="0">
  <reporter-output>
  </reporter-output>
  <suite started-at="2025-08-22T19:14:58 IST" name="Default suite" finished-at="2025-08-22T19:15:01 IST" duration-ms="3001">
    <groups>
    </groups>
    <test started-at="2025-08-22T19:14:58 IST" name="Default test" finished-at="2025-08-22T19:15:01 IST" duration-ms="3001">
      <class name="apipack.DynamicJson">
        <test-method signature="addBook(java.lang.String,java.lang.String)[pri:0, instance:apipack.DynamicJson@67c33749]" started-at="2025-08-22T19:14:58 IST" name="addBook" data-provider="BooksData" finished-at="2025-08-22T19:15:01 IST" duration-ms="2247" status="PASS">
          <params>
            <param index="0">
              <value>
                <![CDATA[kmk]]>
              </value>
            </param>
            <param index="1">
              <value>
                <![CDATA[24278]]>
              </value>
            </param>
          </params>
          <reporter-output>
          </reporter-output>
        </test-method> <!-- addBook -->
        <test-method signature="addBook(java.lang.String,java.lang.String)[pri:0, instance:apipack.DynamicJson@67c33749]" started-at="2025-08-22T19:15:01 IST" name="addBook" data-provider="BooksData" finished-at="2025-08-22T19:15:01 IST" duration-ms="353" status="PASS">
          <params>
            <param index="0">
              <value>
                <![CDATA[opnkn]]>
              </value>
            </param>
            <param index="1">
              <value>
                <![CDATA[79898]]>
              </value>
            </param>
          </params>
          <reporter-output>
          </reporter-output>
        </test-method> <!-- addBook -->
        <test-method signature="addBook(java.lang.String,java.lang.String)[pri:0, instance:apipack.DynamicJson@67c33749]" started-at="2025-08-22T19:15:01 IST" name="addBook" data-provider="BooksData" finished-at="2025-08-22T19:15:01 IST" duration-ms="359" status="PASS">
          <params>
            <param index="0">
              <value>
                <![CDATA[juk]]>
              </value>
            </param>
            <param index="1">
              <value>
                <![CDATA[8976]]>
              </value>
            </param>
          </params>
          <reporter-output>
          </reporter-output>
        </test-method> <!-- addBook -->
      </class> <!-- apipack.DynamicJson -->
    </test> <!-- Default test -->
  </suite> <!-- Default suite -->
</testng-results>
